# JRE version: OpenJDK Runtime Environment (11.0.12+7) (build 11.0.12+7-b1504.28-7817840)
# Java VM: OpenJDK 64-Bit Server VM (11.0.12+7-b1504.28-7817840, mixed mode, tiered, compressed oops, g1 gc, windows-amd64)
Heap:
 garbage-first heap   total 260096K, used 120690K [0x0000000080000000, 0x0000000100000000)
  region size 1024K, 24 young (24576K), 11 survivors (11264K)
 Metaspace       used 126750K, capacity 131949K, committed 132216K, reserved 1163264K
  class space    used 16080K, capacity 17930K, committed 18048K, reserved 1048576K
GC Heap History (20 events):
Event: 2518.578 GC heap before
{Heap before GC invocations=64 (full 0):
 garbage-first heap   total 260096K, used 122176K [0x0000000080000000, 0x0000000100000000)
  region size 1024K, 12 young (12288K), 11 survivors (11264K)
 Metaspace       used 124365K, capacity 128798K, committed 128888K, reserved 1161216K
  class space    used 15813K, capacity 17513K, committed 17536K, reserved 1048576K
}
Event: 2518.600 GC heap after
{Heap after GC invocations=65 (full 0):
 garbage-first heap   total 260096K, used 112827K [0x0000000080000000, 0x0000000100000000)
  region size 1024K, 2 young (2048K), 2 survivors (2048K)
 Metaspace       used 124365K, capacity 128798K, committed 128888K, reserved 1161216K
  class space    used 15813K, capacity 17513K, committed 17536K, reserved 1048576K
}
Event: 2518.733 GC heap before
{Heap before GC invocations=65 (full 0):
 garbage-first heap   total 260096K, used 129211K [0x0000000080000000, 0x0000000100000000)
  region size 1024K, 19 young (19456K), 2 survivors (2048K)
 Metaspace       used 124408K, capacity 128802K, committed 128888K, reserved 1161216K
  class space    used 15813K, capacity 17513K, committed 17536K, reserved 1048576K
}
Event: 2518.741 GC heap after
{Heap after GC invocations=66 (full 0):
 garbage-first heap   total 260096K, used 114234K [0x0000000080000000, 0x0000000100000000)
  region size 1024K, 3 young (3072K), 3 survivors (3072K)
 Metaspace       used 124408K, capacity 128802K, committed 128888K, reserved 1161216K
  class space    used 15813K, capacity 17513K, committed 17536K, reserved 1048576K
}
Event: 2528.949 GC heap before
{Heap before GC invocations=67 (full 0):
 garbage-first heap   total 260096K, used 211514K [0x0000000080000000, 0x0000000100000000)
  region size 1024K, 98 young (100352K), 3 survivors (3072K)
 Metaspace       used 124622K, capacity 129019K, committed 129400K, reserved 1161216K
  class space    used 15805K, capacity 17424K, committed 17536K, reserved 1048576K
}
Event: 2528.957 GC heap after
{Heap after GC invocations=68 (full 0):
 garbage-first heap   total 260096K, used 122746K [0x0000000080000000, 0x0000000100000000)
  region size 1024K, 11 young (11264K), 11 survivors (11264K)
 Metaspace       used 124622K, capacity 129019K, committed 129400K, reserved 1161216K
  class space    used 15805K, capacity 17424K, committed 17536K, reserved 1048576K
}
Event: 2528.961 GC heap before
{Heap before GC invocations=68 (full 0):
 garbage-first heap   total 260096K, used 123770K [0x0000000080000000, 0x0000000100000000)
  region size 1024K, 12 young (12288K), 11 survivors (11264K)
 Metaspace       used 124625K, capacity 129019K, committed 129400K, reserved 1161216K
  class space    used 15805K, capacity 17424K, committed 17536K, reserved 1048576K
}
Event: 2528.974 GC heap after
{Heap after GC invocations=69 (full 0):
 garbage-first heap   total 260096K, used 104118K [0x0000000080000000, 0x0000000100000000)
  region size 1024K, 1 young (1024K), 1 survivors (1024K)
 Metaspace       used 124625K, capacity 129019K, committed 129400K, reserved 1161216K
  class space    used 15805K, capacity 17424K, committed 17536K, reserved 1048576K
}
Event: 2529.083 GC heap before
{Heap before GC invocations=69 (full 0):
 garbage-first heap   total 260096K, used 116406K [0x0000000080000000, 0x0000000100000000)
  region size 1024K, 15 young (15360K), 1 survivors (1024K)
 Metaspace       used 124707K, capacity 129098K, committed 129400K, reserved 1161216K
  class space    used 15808K, capacity 17429K, committed 17536K, reserved 1048576K
}
Event: 2529.088 GC heap after
{Heap after GC invocations=70 (full 0):
 garbage-first heap   total 260096K, used 105030K [0x0000000080000000, 0x0000000100000000)
  region size 1024K, 2 young (2048K), 2 survivors (2048K)
 Metaspace       used 124707K, capacity 129098K, committed 129400K, reserved 1161216K
  class space    used 15808K, capacity 17429K, committed 17536K, reserved 1048576K
}
Event: 2529.843 GC heap before
{Heap before GC invocations=71 (full 0):
 garbage-first heap   total 260096K, used 210502K [0x0000000080000000, 0x0000000100000000)
  region size 1024K, 102 young (104448K), 2 survivors (2048K)
 Metaspace       used 125076K, capacity 129558K, committed 129912K, reserved 1161216K
  class space    used 15814K, capacity 17439K, committed 17536K, reserved 1048576K
}
Event: 2529.846 GC heap after
{Heap after GC invocations=72 (full 0):
 garbage-first heap   total 260096K, used 111091K [0x0000000080000000, 0x0000000100000000)
  region size 1024K, 4 young (4096K), 4 survivors (4096K)
 Metaspace       used 125076K, capacity 129558K, committed 129912K, reserved 1161216K
  class space    used 15814K, capacity 17439K, committed 17536K, reserved 1048576K
}
Event: 2529.898 GC heap before
{Heap before GC invocations=72 (full 0):
 garbage-first heap   total 260096K, used 118259K [0x0000000080000000, 0x0000000100000000)
  region size 1024K, 12 young (12288K), 4 survivors (4096K)
 Metaspace       used 125135K, capacity 129626K, committed 129912K, reserved 1161216K
  class space    used 15814K, capacity 17439K, committed 17536K, reserved 1048576K
}
Event: 2529.902 GC heap after
{Heap after GC invocations=73 (full 0):
 garbage-first heap   total 260096K, used 96871K [0x0000000080000000, 0x0000000100000000)
  region size 1024K, 1 young (1024K), 1 survivors (1024K)
 Metaspace       used 125135K, capacity 129626K, committed 129912K, reserved 1161216K
  class space    used 15814K, capacity 17439K, committed 17536K, reserved 1048576K
}
Event: 2530.006 GC heap before
{Heap before GC invocations=73 (full 0):
 garbage-first heap   total 260096K, used 114279K [0x0000000080000000, 0x0000000100000000)
  region size 1024K, 20 young (20480K), 1 survivors (1024K)
 Metaspace       used 125149K, capacity 129632K, committed 129912K, reserved 1161216K
  class space    used 15814K, capacity 17440K, committed 17536K, reserved 1048576K
}
Event: 2530.008 GC heap after
{Heap after GC invocations=74 (full 0):
 garbage-first heap   total 260096K, used 96719K [0x0000000080000000, 0x0000000100000000)
  region size 1024K, 1 young (1024K), 1 survivors (1024K)
 Metaspace       used 125149K, capacity 129632K, committed 129912K, reserved 1161216K
  class space    used 15814K, capacity 17440K, committed 17536K, reserved 1048576K
}
Event: 2551.484 GC heap before
{Heap before GC invocations=75 (full 0):
 garbage-first heap   total 260096K, used 224719K [0x0000000080000000, 0x0000000100000000)
  region size 1024K, 110 young (112640K), 1 survivors (1024K)
 Metaspace       used 126052K, capacity 130965K, committed 131192K, reserved 1163264K
  class space    used 15985K, capacity 17755K, committed 17792K, reserved 1048576K
}
Event: 2551.487 GC heap after
{Heap after GC invocations=76 (full 0):
 garbage-first heap   total 260096K, used 98802K [0x0000000080000000, 0x0000000100000000)
  region size 1024K, 3 young (3072K), 3 survivors (3072K)
 Metaspace       used 126052K, capacity 130965K, committed 131192K, reserved 1163264K
  class space    used 15985K, capacity 17755K, committed 17792K, reserved 1048576K
}
Event: 2551.852 GC heap before
{Heap before GC invocations=76 (full 0):
 garbage-first heap   total 260096K, used 156146K [0x0000000080000000, 0x0000000100000000)
  region size 1024K, 61 young (62464K), 3 survivors (3072K)
 Metaspace       used 126750K, capacity 131949K, committed 132216K, reserved 1163264K
  class space    used 16080K, capacity 17930K, committed 18048K, reserved 1048576K
}
Event: 2551.859 GC heap after
{Heap after GC invocations=77 (full 0):
 garbage-first heap   total 260096K, used 107378K [0x0000000080000000, 0x0000000100000000)
  region size 1024K, 11 young (11264K), 11 survivors (11264K)
 Metaspace       used 126750K, capacity 131949K, committed 132216K, reserved 1163264K
  class space    used 16080K, capacity 17930K, committed 18048K, reserved 1048576K
}

